2023-03-22 00:48:54.583 [main] INFO  com.spe.project.Calculator-[SQ_ROOT]-123
2023-03-22 00:48:54.588 [main] INFO  com.spe.project.Calculator-[RESULT-SQ_ROOT]-11.090536506409418
2023-03-22 00:48:58.077 [main] INFO  com.spe.project.Calculator-[FACTORIAL]-34
2023-03-22 00:48:58.078 [main] INFO  com.spe.project.Calculator-[FACTORIAL]-33
2023-03-22 00:48:58.078 [main] INFO  com.spe.project.Calculator-[FACTORIAL]-32
2023-03-22 00:48:58.079 [main] INFO  com.spe.project.Calculator-[FACTORIAL]-31
2023-03-22 00:48:58.079 [main] INFO  com.spe.project.Calculator-[FACTORIAL]-30
2023-03-22 00:48:58.079 [main] INFO  com.spe.project.Calculator-[FACTORIAL]-29
2023-03-22 00:48:58.080 [main] INFO  com.spe.project.Calculator-[FACTORIAL]-28
2023-03-22 00:48:58.080 [main] INFO  com.spe.project.Calculator-[FACTORIAL]-27
2023-03-22 00:48:58.080 [main] INFO  com.spe.project.Calculator-[FACTORIAL]-26
2023-03-22 00:48:58.080 [main] INFO  com.spe.project.Calculator-[FACTORIAL]-25
2023-03-22 00:48:58.080 [main] INFO  com.spe.project.Calculator-[FACTORIAL]-24
2023-03-22 00:48:58.080 [main] INFO  com.spe.project.Calculator-[FACTORIAL]-23
2023-03-22 00:48:58.080 [main] INFO  com.spe.project.Calculator-[FACTORIAL]-22
2023-03-22 00:48:58.081 [main] INFO  com.spe.project.Calculator-[FACTORIAL]-21
2023-03-22 00:48:58.081 [main] INFO  com.spe.project.Calculator-[FACTORIAL]-20
2023-03-22 00:48:58.081 [main] INFO  com.spe.project.Calculator-[FACTORIAL]-19
2023-03-22 00:48:58.081 [main] INFO  com.spe.project.Calculator-[FACTORIAL]-18
2023-03-22 00:48:58.081 [main] INFO  com.spe.project.Calculator-[FACTORIAL]-17
2023-03-22 00:48:58.081 [main] INFO  com.spe.project.Calculator-[FACTORIAL]-16
2023-03-22 00:48:58.081 [main] INFO  com.spe.project.Calculator-[FACTORIAL]-15
2023-03-22 00:48:58.081 [main] INFO  com.spe.project.Calculator-[FACTORIAL]-14
2023-03-22 00:48:58.082 [main] INFO  com.spe.project.Calculator-[FACTORIAL]-13
2023-03-22 00:48:58.082 [main] INFO  com.spe.project.Calculator-[FACTORIAL]-12
2023-03-22 00:48:58.082 [main] INFO  com.spe.project.Calculator-[FACTORIAL]-11
2023-03-22 00:48:58.082 [main] INFO  com.spe.project.Calculator-[FACTORIAL]-10
2023-03-22 00:48:58.082 [main] INFO  com.spe.project.Calculator-[FACTORIAL]-9
2023-03-22 00:48:58.082 [main] INFO  com.spe.project.Calculator-[FACTORIAL]-8
2023-03-22 00:48:58.082 [main] INFO  com.spe.project.Calculator-[FACTORIAL]-7
2023-03-22 00:48:58.083 [main] INFO  com.spe.project.Calculator-[FACTORIAL]-6
2023-03-22 00:48:58.083 [main] INFO  com.spe.project.Calculator-[FACTORIAL]-5
2023-03-22 00:48:58.083 [main] INFO  com.spe.project.Calculator-[FACTORIAL]-4
2023-03-22 00:48:58.083 [main] INFO  com.spe.project.Calculator-[FACTORIAL]-3
2023-03-22 00:48:58.083 [main] INFO  com.spe.project.Calculator-[FACTORIAL]-2
2023-03-22 00:48:58.083 [main] INFO  com.spe.project.Calculator-[FACTORIAL]-1
2023-03-22 00:48:58.083 [main] INFO  com.spe.project.Calculator-[FACTORIAL]-0
2023-03-22 00:49:03.369 [main] INFO  com.spe.project.Calculator-[NATURAL_LOG]-222
2023-03-22 00:49:03.369 [main] INFO  com.spe.project.Calculator-[RESULT-NATURAL_LOG]-5.402677381872279
2023-03-22 00:49:08.193 [main] INFO  com.spe.project.Calculator-[SQ_ROOT]-23
2023-03-22 00:49:08.193 [main] INFO  com.spe.project.Calculator-[RESULT-SQ_ROOT]-4.795831523312719
2023-03-22 00:49:15.495 [main] INFO  com.spe.project.Calculator-[POWER of2RAISED TO]3
2023-03-22 00:49:15.496 [main] INFO  com.spe.project.Calculator-[RESULT-POWER]-8.0
2023-03-22 00:49:19.366 [main] INFO  com.spe.project.Calculator-[SQ_ROOT]-3434
2023-03-22 00:49:19.366 [main] INFO  com.spe.project.Calculator-[RESULT-SQ_ROOT]-58.60034129593445
2023-03-22 00:49:24.384 [main] INFO  com.spe.project.Calculator-[FACTORIAL]-344
2023-03-22 00:49:24.385 [main] INFO  com.spe.project.Calculator-[FACTORIAL]-343
2023-03-22 00:49:24.385 [main] INFO  com.spe.project.Calculator-[FACTORIAL]-342
2023-03-22 00:49:24.385 [main] INFO  com.spe.project.Calculator-[FACTORIAL]-341
2023-03-22 00:49:24.385 [main] INFO  com.spe.project.Calculator-[FACTORIAL]-340
2023-03-22 00:49:24.385 [main] INFO  com.spe.project.Calculator-[FACTORIAL]-339
2023-03-22 00:49:24.385 [main] INFO  com.spe.project.Calculator-[FACTORIAL]-338
2023-03-22 00:49:24.385 [main] INFO  com.spe.project.Calculator-[FACTORIAL]-337
2023-03-22 00:49:24.385 [main] INFO  com.spe.project.Calculator-[FACTORIAL]-336
2023-03-22 00:49:24.386 [main] INFO  com.spe.project.Calculator-[FACTORIAL]-335
2023-03-22 00:49:24.386 [main] INFO  com.spe.project.Calculator-[FACTORIAL]-334
2023-03-22 00:49:24.386 [main] INFO  com.spe.project.Calculator-[FACTORIAL]-333
2023-03-22 00:49:24.386 [main] INFO  com.spe.project.Calculator-[FACTORIAL]-332
2023-03-22 00:49:24.386 [main] INFO  com.spe.project.Calculator-[FACTORIAL]-331
2023-03-22 00:49:24.386 [main] INFO  com.spe.project.Calculator-[FACTORIAL]-330
2023-03-22 00:49:24.386 [main] INFO  com.spe.project.Calculator-[FACTORIAL]-329
2023-03-22 00:49:24.386 [main] INFO  com.spe.project.Calculator-[FACTORIAL]-328
2023-03-22 00:49:24.387 [main] INFO  com.spe.project.Calculator-[FACTORIAL]-327
2023-03-22 00:49:24.387 [main] INFO  com.spe.project.Calculator-[FACTORIAL]-326
2023-03-22 00:49:24.387 [main] INFO  com.spe.project.Calculator-[FACTORIAL]-325
2023-03-22 00:49:24.387 [main] INFO  com.spe.project.Calculator-[FACTORIAL]-324
2023-03-22 00:49:24.387 [main] INFO  com.spe.project.Calculator-[FACTORIAL]-323
2023-03-22 00:49:24.387 [main] INFO  com.spe.project.Calculator-[FACTORIAL]-322
2023-03-22 00:49:24.387 [main] INFO  com.spe.project.Calculator-[FACTORIAL]-321
2023-03-22 00:49:24.387 [main] INFO  com.spe.project.Calculator-[FACTORIAL]-320
2023-03-22 00:49:24.388 [main] INFO  com.spe.project.Calculator-[FACTORIAL]-319
2023-03-22 00:49:24.388 [main] INFO  com.spe.project.Calculator-[FACTORIAL]-318
2023-03-22 00:49:24.388 [main] INFO  com.spe.project.Calculator-[FACTORIAL]-317
2023-03-22 00:49:24.388 [main] INFO  com.spe.project.Calculator-[FACTORIAL]-316
2023-03-22 00:49:24.388 [main] INFO  com.spe.project.Calculator-[FACTORIAL]-315
2023-03-22 00:49:24.388 [main] INFO  com.spe.project.Calculator-[FACTORIAL]-314
2023-03-22 00:49:24.388 [main] INFO  com.spe.project.Calculator-[FACTORIAL]-313
2023-03-22 00:49:24.388 [main] INFO  com.spe.project.Calculator-[FACTORIAL]-312
2023-03-22 00:49:24.388 [main] INFO  com.spe.project.Calculator-[FACTORIAL]-311
2023-03-22 00:49:24.388 [main] INFO  com.spe.project.Calculator-[FACTORIAL]-310
2023-03-22 00:49:24.388 [main] INFO  com.spe.project.Calculator-[FACTORIAL]-309
2023-03-22 00:49:24.388 [main] INFO  com.spe.project.Calculator-[FACTORIAL]-308
2023-03-22 00:49:24.388 [main] INFO  com.spe.project.Calculator-[FACTORIAL]-307
2023-03-22 00:49:24.389 [main] INFO  com.spe.project.Calculator-[FACTORIAL]-306
2023-03-22 00:49:24.389 [main] INFO  com.spe.project.Calculator-[FACTORIAL]-305
2023-03-22 00:49:24.389 [main] INFO  com.spe.project.Calculator-[FACTORIAL]-304
2023-03-22 00:49:24.389 [main] INFO  com.spe.project.Calculator-[FACTORIAL]-303
2023-03-22 00:49:24.389 [main] INFO  com.spe.project.Calculator-[FACTORIAL]-302
2023-03-22 00:49:24.389 [main] INFO  com.spe.project.Calculator-[FACTORIAL]-301
2023-03-22 00:49:24.389 [main] INFO  com.spe.project.Calculator-[FACTORIAL]-300
2023-03-22 00:49:24.389 [main] INFO  com.spe.project.Calculator-[FACTORIAL]-299
2023-03-22 00:49:24.389 [main] INFO  com.spe.project.Calculator-[FACTORIAL]-298
2023-03-22 00:49:24.389 [main] INFO  com.spe.project.Calculator-[FACTORIAL]-297
2023-03-22 00:49:24.389 [main] INFO  com.spe.project.Calculator-[FACTORIAL]-296
2023-03-22 00:49:24.389 [main] INFO  com.spe.project.Calculator-[FACTORIAL]-295
2023-03-22 00:49:24.389 [main] INFO  com.spe.project.Calculator-[FACTORIAL]-294
2023-03-22 00:49:24.390 [main] INFO  com.spe.project.Calculator-[FACTORIAL]-293
2023-03-22 00:49:24.390 [main] INFO  com.spe.project.Calculator-[FACTORIAL]-292
2023-03-22 00:49:24.390 [main] INFO  com.spe.project.Calculator-[FACTORIAL]-291
2023-03-22 00:49:24.390 [main] INFO  com.spe.project.Calculator-[FACTORIAL]-290
2023-03-22 00:49:24.390 [main] INFO  com.spe.project.Calculator-[FACTORIAL]-289
2023-03-22 00:49:24.390 [main] INFO  com.spe.project.Calculator-[FACTORIAL]-288
2023-03-22 00:49:24.390 [main] INFO  com.spe.project.Calculator-[FACTORIAL]-287
2023-03-22 00:49:24.390 [main] INFO  com.spe.project.Calculator-[FACTORIAL]-286
2023-03-22 00:49:24.390 [main] INFO  com.spe.project.Calculator-[FACTORIAL]-285
2023-03-22 00:49:24.390 [main] INFO  com.spe.project.Calculator-[FACTORIAL]-284
2023-03-22 00:49:24.391 [main] INFO  com.spe.project.Calculator-[FACTORIAL]-283
2023-03-22 00:49:24.391 [main] INFO  com.spe.project.Calculator-[FACTORIAL]-282
2023-03-22 00:49:24.391 [main] INFO  com.spe.project.Calculator-[FACTORIAL]-281
2023-03-22 00:49:24.391 [main] INFO  com.spe.project.Calculator-[FACTORIAL]-280
2023-03-22 00:49:24.391 [main] INFO  com.spe.project.Calculator-[FACTORIAL]-279
2023-03-22 00:49:24.391 [main] INFO  com.spe.project.Calculator-[FACTORIAL]-278
2023-03-22 00:49:24.391 [main] INFO  com.spe.project.Calculator-[FACTORIAL]-277
2023-03-22 00:49:24.391 [main] INFO  com.spe.project.Calculator-[FACTORIAL]-276
2023-03-22 00:49:24.391 [main] INFO  com.spe.project.Calculator-[FACTORIAL]-275
2023-03-22 00:49:24.391 [main] INFO  com.spe.project.Calculator-[FACTORIAL]-274
2023-03-22 00:49:24.391 [main] INFO  com.spe.project.Calculator-[FACTORIAL]-273
2023-03-22 00:49:24.391 [main] INFO  com.spe.project.Calculator-[FACTORIAL]-272
2023-03-22 00:49:24.391 [main] INFO  com.spe.project.Calculator-[FACTORIAL]-271
2023-03-22 00:49:24.391 [main] INFO  com.spe.project.Calculator-[FACTORIAL]-270
2023-03-22 00:49:24.392 [main] INFO  com.spe.project.Calculator-[FACTORIAL]-269
2023-03-22 00:49:24.392 [main] INFO  com.spe.project.Calculator-[FACTORIAL]-268
2023-03-22 00:49:24.392 [main] INFO  com.spe.project.Calculator-[FACTORIAL]-267
2023-03-22 00:49:24.392 [main] INFO  com.spe.project.Calculator-[FACTORIAL]-266
2023-03-22 00:49:24.392 [main] INFO  com.spe.project.Calculator-[FACTORIAL]-265
2023-03-22 00:49:24.392 [main] INFO  com.spe.project.Calculator-[FACTORIAL]-264
2023-03-22 00:49:24.392 [main] INFO  com.spe.project.Calculator-[FACTORIAL]-263
2023-03-22 00:49:24.392 [main] INFO  com.spe.project.Calculator-[FACTORIAL]-262
2023-03-22 00:49:24.392 [main] INFO  com.spe.project.Calculator-[FACTORIAL]-261
2023-03-22 00:49:24.392 [main] INFO  com.spe.project.Calculator-[FACTORIAL]-260
2023-03-22 00:49:24.392 [main] INFO  com.spe.project.Calculator-[FACTORIAL]-259
2023-03-22 00:49:24.392 [main] INFO  com.spe.project.Calculator-[FACTORIAL]-258
2023-03-22 00:49:24.393 [main] INFO  com.spe.project.Calculator-[FACTORIAL]-257
2023-03-22 00:49:24.393 [main] INFO  com.spe.project.Calculator-[FACTORIAL]-256
2023-03-22 00:49:24.393 [main] INFO  com.spe.project.Calculator-[FACTORIAL]-255
2023-03-22 00:49:24.393 [main] INFO  com.spe.project.Calculator-[FACTORIAL]-254
2023-03-22 00:49:24.393 [main] INFO  com.spe.project.Calculator-[FACTORIAL]-253
2023-03-22 00:49:24.393 [main] INFO  com.spe.project.Calculator-[FACTORIAL]-252
2023-03-22 00:49:24.393 [main] INFO  com.spe.project.Calculator-[FACTORIAL]-251
2023-03-22 00:49:24.393 [main] INFO  com.spe.project.Calculator-[FACTORIAL]-250
2023-03-22 00:49:24.393 [main] INFO  com.spe.project.Calculator-[FACTORIAL]-249
2023-03-22 00:49:24.393 [main] INFO  com.spe.project.Calculator-[FACTORIAL]-248
2023-03-22 00:49:24.393 [main] INFO  com.spe.project.Calculator-[FACTORIAL]-247
2023-03-22 00:49:24.393 [main] INFO  com.spe.project.Calculator-[FACTORIAL]-246
2023-03-22 00:49:24.393 [main] INFO  com.spe.project.Calculator-[FACTORIAL]-245
2023-03-22 00:49:24.393 [main] INFO  com.spe.project.Calculator-[FACTORIAL]-244
2023-03-22 00:49:24.394 [main] INFO  com.spe.project.Calculator-[FACTORIAL]-243
2023-03-22 00:49:24.394 [main] INFO  com.spe.project.Calculator-[FACTORIAL]-242
2023-03-22 00:49:24.394 [main] INFO  com.spe.project.Calculator-[FACTORIAL]-241
2023-03-22 00:49:24.394 [main] INFO  com.spe.project.Calculator-[FACTORIAL]-240
2023-03-22 00:49:24.394 [main] INFO  com.spe.project.Calculator-[FACTORIAL]-239
2023-03-22 00:49:24.394 [main] INFO  com.spe.project.Calculator-[FACTORIAL]-238
2023-03-22 00:49:24.394 [main] INFO  com.spe.project.Calculator-[FACTORIAL]-237
2023-03-22 00:49:24.394 [main] INFO  com.spe.project.Calculator-[FACTORIAL]-236
2023-03-22 00:49:24.394 [main] INFO  com.spe.project.Calculator-[FACTORIAL]-235
2023-03-22 00:49:24.394 [main] INFO  com.spe.project.Calculator-[FACTORIAL]-234
2023-03-22 00:49:24.394 [main] INFO  com.spe.project.Calculator-[FACTORIAL]-233
2023-03-22 00:49:24.394 [main] INFO  com.spe.project.Calculator-[FACTORIAL]-232
2023-03-22 00:49:24.394 [main] INFO  com.spe.project.Calculator-[FACTORIAL]-231
2023-03-22 00:49:24.394 [main] INFO  com.spe.project.Calculator-[FACTORIAL]-230
2023-03-22 00:49:24.394 [main] INFO  com.spe.project.Calculator-[FACTORIAL]-229
2023-03-22 00:49:24.395 [main] INFO  com.spe.project.Calculator-[FACTORIAL]-228
2023-03-22 00:49:24.395 [main] INFO  com.spe.project.Calculator-[FACTORIAL]-227
2023-03-22 00:49:24.395 [main] INFO  com.spe.project.Calculator-[FACTORIAL]-226
2023-03-22 00:49:24.395 [main] INFO  com.spe.project.Calculator-[FACTORIAL]-225
2023-03-22 00:49:24.395 [main] INFO  com.spe.project.Calculator-[FACTORIAL]-224
2023-03-22 00:49:24.395 [main] INFO  com.spe.project.Calculator-[FACTORIAL]-223
2023-03-22 00:49:24.395 [main] INFO  com.spe.project.Calculator-[FACTORIAL]-222
2023-03-22 00:49:24.395 [main] INFO  com.spe.project.Calculator-[FACTORIAL]-221
2023-03-22 00:49:24.395 [main] INFO  com.spe.project.Calculator-[FACTORIAL]-220
2023-03-22 00:49:24.395 [main] INFO  com.spe.project.Calculator-[FACTORIAL]-219
2023-03-22 00:49:24.395 [main] INFO  com.spe.project.Calculator-[FACTORIAL]-218
2023-03-22 00:49:24.395 [main] INFO  com.spe.project.Calculator-[FACTORIAL]-217
2023-03-22 00:49:24.396 [main] INFO  com.spe.project.Calculator-[FACTORIAL]-216
2023-03-22 00:49:24.396 [main] INFO  com.spe.project.Calculator-[FACTORIAL]-215
2023-03-22 00:49:24.396 [main] INFO  com.spe.project.Calculator-[FACTORIAL]-214
2023-03-22 00:49:24.396 [main] INFO  com.spe.project.Calculator-[FACTORIAL]-213
2023-03-22 00:49:24.396 [main] INFO  com.spe.project.Calculator-[FACTORIAL]-212
2023-03-22 00:49:24.396 [main] INFO  com.spe.project.Calculator-[FACTORIAL]-211
2023-03-22 00:49:24.396 [main] INFO  com.spe.project.Calculator-[FACTORIAL]-210
2023-03-22 00:49:24.396 [main] INFO  com.spe.project.Calculator-[FACTORIAL]-209
2023-03-22 00:49:24.396 [main] INFO  com.spe.project.Calculator-[FACTORIAL]-208
2023-03-22 00:49:24.396 [main] INFO  com.spe.project.Calculator-[FACTORIAL]-207
2023-03-22 00:49:24.396 [main] INFO  com.spe.project.Calculator-[FACTORIAL]-206
2023-03-22 00:49:24.396 [main] INFO  com.spe.project.Calculator-[FACTORIAL]-205
2023-03-22 00:49:24.396 [main] INFO  com.spe.project.Calculator-[FACTORIAL]-204
2023-03-22 00:49:24.396 [main] INFO  com.spe.project.Calculator-[FACTORIAL]-203
2023-03-22 00:49:24.397 [main] INFO  com.spe.project.Calculator-[FACTORIAL]-202
2023-03-22 00:49:24.397 [main] INFO  com.spe.project.Calculator-[FACTORIAL]-201
2023-03-22 00:49:24.397 [main] INFO  com.spe.project.Calculator-[FACTORIAL]-200
2023-03-22 00:49:24.397 [main] INFO  com.spe.project.Calculator-[FACTORIAL]-199
2023-03-22 00:49:24.397 [main] INFO  com.spe.project.Calculator-[FACTORIAL]-198
2023-03-22 00:49:24.397 [main] INFO  com.spe.project.Calculator-[FACTORIAL]-197
2023-03-22 00:49:24.397 [main] INFO  com.spe.project.Calculator-[FACTORIAL]-196
2023-03-22 00:49:24.397 [main] INFO  com.spe.project.Calculator-[FACTORIAL]-195
2023-03-22 00:49:24.397 [main] INFO  com.spe.project.Calculator-[FACTORIAL]-194
2023-03-22 00:49:24.397 [main] INFO  com.spe.project.Calculator-[FACTORIAL]-193
2023-03-22 00:49:24.397 [main] INFO  com.spe.project.Calculator-[FACTORIAL]-192
2023-03-22 00:49:24.398 [main] INFO  com.spe.project.Calculator-[FACTORIAL]-191
2023-03-22 00:49:24.398 [main] INFO  com.spe.project.Calculator-[FACTORIAL]-190
2023-03-22 00:49:24.398 [main] INFO  com.spe.project.Calculator-[FACTORIAL]-189
2023-03-22 00:49:24.398 [main] INFO  com.spe.project.Calculator-[FACTORIAL]-188
2023-03-22 00:49:24.398 [main] INFO  com.spe.project.Calculator-[FACTORIAL]-187
2023-03-22 00:49:24.398 [main] INFO  com.spe.project.Calculator-[FACTORIAL]-186
2023-03-22 00:49:24.398 [main] INFO  com.spe.project.Calculator-[FACTORIAL]-185
2023-03-22 00:49:24.398 [main] INFO  com.spe.project.Calculator-[FACTORIAL]-184
2023-03-22 00:49:24.398 [main] INFO  com.spe.project.Calculator-[FACTORIAL]-183
2023-03-22 00:49:24.398 [main] INFO  com.spe.project.Calculator-[FACTORIAL]-182
2023-03-22 00:49:24.398 [main] INFO  com.spe.project.Calculator-[FACTORIAL]-181
2023-03-22 00:49:24.398 [main] INFO  com.spe.project.Calculator-[FACTORIAL]-180
2023-03-22 00:49:24.398 [main] INFO  com.spe.project.Calculator-[FACTORIAL]-179
2023-03-22 00:49:24.398 [main] INFO  com.spe.project.Calculator-[FACTORIAL]-178
2023-03-22 00:49:24.399 [main] INFO  com.spe.project.Calculator-[FACTORIAL]-177
2023-03-22 00:49:24.399 [main] INFO  com.spe.project.Calculator-[FACTORIAL]-176
2023-03-22 00:49:24.399 [main] INFO  com.spe.project.Calculator-[FACTORIAL]-175
2023-03-22 00:49:24.399 [main] INFO  com.spe.project.Calculator-[FACTORIAL]-174
2023-03-22 00:49:24.399 [main] INFO  com.spe.project.Calculator-[FACTORIAL]-173
2023-03-22 00:49:24.399 [main] INFO  com.spe.project.Calculator-[FACTORIAL]-172
2023-03-22 00:49:24.399 [main] INFO  com.spe.project.Calculator-[FACTORIAL]-171
2023-03-22 00:49:24.399 [main] INFO  com.spe.project.Calculator-[FACTORIAL]-170
2023-03-22 00:49:24.399 [main] INFO  com.spe.project.Calculator-[FACTORIAL]-169
2023-03-22 00:49:24.399 [main] INFO  com.spe.project.Calculator-[FACTORIAL]-168
2023-03-22 00:49:24.399 [main] INFO  com.spe.project.Calculator-[FACTORIAL]-167
2023-03-22 00:49:24.399 [main] INFO  com.spe.project.Calculator-[FACTORIAL]-166
2023-03-22 00:49:24.399 [main] INFO  com.spe.project.Calculator-[FACTORIAL]-165
2023-03-22 00:49:24.399 [main] INFO  com.spe.project.Calculator-[FACTORIAL]-164
2023-03-22 00:49:24.400 [main] INFO  com.spe.project.Calculator-[FACTORIAL]-163
2023-03-22 00:49:24.400 [main] INFO  com.spe.project.Calculator-[FACTORIAL]-162
2023-03-22 00:49:24.400 [main] INFO  com.spe.project.Calculator-[FACTORIAL]-161
2023-03-22 00:49:24.400 [main] INFO  com.spe.project.Calculator-[FACTORIAL]-160
2023-03-22 00:49:24.400 [main] INFO  com.spe.project.Calculator-[FACTORIAL]-159
2023-03-22 00:49:24.400 [main] INFO  com.spe.project.Calculator-[FACTORIAL]-158
2023-03-22 00:49:24.400 [main] INFO  com.spe.project.Calculator-[FACTORIAL]-157
2023-03-22 00:49:24.400 [main] INFO  com.spe.project.Calculator-[FACTORIAL]-156
2023-03-22 00:49:24.400 [main] INFO  com.spe.project.Calculator-[FACTORIAL]-155
2023-03-22 00:49:24.400 [main] INFO  com.spe.project.Calculator-[FACTORIAL]-154
2023-03-22 00:49:24.400 [main] INFO  com.spe.project.Calculator-[FACTORIAL]-153
2023-03-22 00:49:24.400 [main] INFO  com.spe.project.Calculator-[FACTORIAL]-152
2023-03-22 00:49:24.400 [main] INFO  com.spe.project.Calculator-[FACTORIAL]-151
2023-03-22 00:49:24.400 [main] INFO  com.spe.project.Calculator-[FACTORIAL]-150
2023-03-22 00:49:24.400 [main] INFO  com.spe.project.Calculator-[FACTORIAL]-149
2023-03-22 00:49:24.401 [main] INFO  com.spe.project.Calculator-[FACTORIAL]-148
2023-03-22 00:49:24.401 [main] INFO  com.spe.project.Calculator-[FACTORIAL]-147
2023-03-22 00:49:24.401 [main] INFO  com.spe.project.Calculator-[FACTORIAL]-146
2023-03-22 00:49:24.401 [main] INFO  com.spe.project.Calculator-[FACTORIAL]-145
2023-03-22 00:49:24.401 [main] INFO  com.spe.project.Calculator-[FACTORIAL]-144
2023-03-22 00:49:24.401 [main] INFO  com.spe.project.Calculator-[FACTORIAL]-143
2023-03-22 00:49:24.401 [main] INFO  com.spe.project.Calculator-[FACTORIAL]-142
2023-03-22 00:49:24.401 [main] INFO  com.spe.project.Calculator-[FACTORIAL]-141
2023-03-22 00:49:24.401 [main] INFO  com.spe.project.Calculator-[FACTORIAL]-140
2023-03-22 00:49:24.401 [main] INFO  com.spe.project.Calculator-[FACTORIAL]-139
2023-03-22 00:49:24.401 [main] INFO  com.spe.project.Calculator-[FACTORIAL]-138
2023-03-22 00:49:24.401 [main] INFO  com.spe.project.Calculator-[FACTORIAL]-137
2023-03-22 00:49:24.401 [main] INFO  com.spe.project.Calculator-[FACTORIAL]-136
2023-03-22 00:49:24.401 [main] INFO  com.spe.project.Calculator-[FACTORIAL]-135
2023-03-22 00:49:24.402 [main] INFO  com.spe.project.Calculator-[FACTORIAL]-134
2023-03-22 00:49:24.402 [main] INFO  com.spe.project.Calculator-[FACTORIAL]-133
2023-03-22 00:49:24.402 [main] INFO  com.spe.project.Calculator-[FACTORIAL]-132
2023-03-22 00:49:24.402 [main] INFO  com.spe.project.Calculator-[FACTORIAL]-131
2023-03-22 00:49:24.402 [main] INFO  com.spe.project.Calculator-[FACTORIAL]-130
2023-03-22 00:49:24.402 [main] INFO  com.spe.project.Calculator-[FACTORIAL]-129
2023-03-22 00:49:24.402 [main] INFO  com.spe.project.Calculator-[FACTORIAL]-128
2023-03-22 00:49:24.402 [main] INFO  com.spe.project.Calculator-[FACTORIAL]-127
2023-03-22 00:49:24.402 [main] INFO  com.spe.project.Calculator-[FACTORIAL]-126
2023-03-22 00:49:24.402 [main] INFO  com.spe.project.Calculator-[FACTORIAL]-125
2023-03-22 00:49:24.402 [main] INFO  com.spe.project.Calculator-[FACTORIAL]-124
2023-03-22 00:49:24.402 [main] INFO  com.spe.project.Calculator-[FACTORIAL]-123
2023-03-22 00:49:24.402 [main] INFO  com.spe.project.Calculator-[FACTORIAL]-122
2023-03-22 00:49:24.402 [main] INFO  com.spe.project.Calculator-[FACTORIAL]-121
2023-03-22 00:49:24.402 [main] INFO  com.spe.project.Calculator-[FACTORIAL]-120
2023-03-22 00:49:24.403 [main] INFO  com.spe.project.Calculator-[FACTORIAL]-119
2023-03-22 00:49:24.403 [main] INFO  com.spe.project.Calculator-[FACTORIAL]-118
2023-03-22 00:49:24.403 [main] INFO  com.spe.project.Calculator-[FACTORIAL]-117
2023-03-22 00:49:24.403 [main] INFO  com.spe.project.Calculator-[FACTORIAL]-116
2023-03-22 00:49:24.403 [main] INFO  com.spe.project.Calculator-[FACTORIAL]-115
2023-03-22 00:49:24.403 [main] INFO  com.spe.project.Calculator-[FACTORIAL]-114
2023-03-22 00:49:24.403 [main] INFO  com.spe.project.Calculator-[FACTORIAL]-113
2023-03-22 00:49:24.403 [main] INFO  com.spe.project.Calculator-[FACTORIAL]-112
2023-03-22 00:49:24.403 [main] INFO  com.spe.project.Calculator-[FACTORIAL]-111
2023-03-22 00:49:24.403 [main] INFO  com.spe.project.Calculator-[FACTORIAL]-110
2023-03-22 00:49:24.403 [main] INFO  com.spe.project.Calculator-[FACTORIAL]-109
2023-03-22 00:49:24.403 [main] INFO  com.spe.project.Calculator-[FACTORIAL]-108
2023-03-22 00:49:24.403 [main] INFO  com.spe.project.Calculator-[FACTORIAL]-107
2023-03-22 00:49:24.403 [main] INFO  com.spe.project.Calculator-[FACTORIAL]-106
2023-03-22 00:49:24.403 [main] INFO  com.spe.project.Calculator-[FACTORIAL]-105
2023-03-22 00:49:24.403 [main] INFO  com.spe.project.Calculator-[FACTORIAL]-104
2023-03-22 00:49:24.403 [main] INFO  com.spe.project.Calculator-[FACTORIAL]-103
2023-03-22 00:49:24.403 [main] INFO  com.spe.project.Calculator-[FACTORIAL]-102
2023-03-22 00:49:24.404 [main] INFO  com.spe.project.Calculator-[FACTORIAL]-101
2023-03-22 00:49:24.404 [main] INFO  com.spe.project.Calculator-[FACTORIAL]-100
2023-03-22 00:49:24.404 [main] INFO  com.spe.project.Calculator-[FACTORIAL]-99
2023-03-22 00:49:24.404 [main] INFO  com.spe.project.Calculator-[FACTORIAL]-98
2023-03-22 00:49:24.404 [main] INFO  com.spe.project.Calculator-[FACTORIAL]-97
2023-03-22 00:49:24.404 [main] INFO  com.spe.project.Calculator-[FACTORIAL]-96
2023-03-22 00:49:24.404 [main] INFO  com.spe.project.Calculator-[FACTORIAL]-95
2023-03-22 00:49:24.404 [main] INFO  com.spe.project.Calculator-[FACTORIAL]-94
2023-03-22 00:49:24.404 [main] INFO  com.spe.project.Calculator-[FACTORIAL]-93
2023-03-22 00:49:24.404 [main] INFO  com.spe.project.Calculator-[FACTORIAL]-92
2023-03-22 00:49:24.404 [main] INFO  com.spe.project.Calculator-[FACTORIAL]-91
2023-03-22 00:49:24.404 [main] INFO  com.spe.project.Calculator-[FACTORIAL]-90
2023-03-22 00:49:24.404 [main] INFO  com.spe.project.Calculator-[FACTORIAL]-89
2023-03-22 00:49:24.404 [main] INFO  com.spe.project.Calculator-[FACTORIAL]-88
2023-03-22 00:49:24.404 [main] INFO  com.spe.project.Calculator-[FACTORIAL]-87
2023-03-22 00:49:24.404 [main] INFO  com.spe.project.Calculator-[FACTORIAL]-86
2023-03-22 00:49:24.404 [main] INFO  com.spe.project.Calculator-[FACTORIAL]-85
2023-03-22 00:49:24.404 [main] INFO  com.spe.project.Calculator-[FACTORIAL]-84
2023-03-22 00:49:24.405 [main] INFO  com.spe.project.Calculator-[FACTORIAL]-83
2023-03-22 00:49:24.405 [main] INFO  com.spe.project.Calculator-[FACTORIAL]-82
2023-03-22 00:49:24.405 [main] INFO  com.spe.project.Calculator-[FACTORIAL]-81
2023-03-22 00:49:24.405 [main] INFO  com.spe.project.Calculator-[FACTORIAL]-80
2023-03-22 00:49:24.405 [main] INFO  com.spe.project.Calculator-[FACTORIAL]-79
2023-03-22 00:49:24.405 [main] INFO  com.spe.project.Calculator-[FACTORIAL]-78
2023-03-22 00:49:24.405 [main] INFO  com.spe.project.Calculator-[FACTORIAL]-77
2023-03-22 00:49:24.405 [main] INFO  com.spe.project.Calculator-[FACTORIAL]-76
2023-03-22 00:49:24.405 [main] INFO  com.spe.project.Calculator-[FACTORIAL]-75
2023-03-22 00:49:24.405 [main] INFO  com.spe.project.Calculator-[FACTORIAL]-74
2023-03-22 00:49:24.405 [main] INFO  com.spe.project.Calculator-[FACTORIAL]-73
2023-03-22 00:49:24.405 [main] INFO  com.spe.project.Calculator-[FACTORIAL]-72
2023-03-22 00:49:24.405 [main] INFO  com.spe.project.Calculator-[FACTORIAL]-71
2023-03-22 00:49:24.406 [main] INFO  com.spe.project.Calculator-[FACTORIAL]-70
2023-03-22 00:49:24.406 [main] INFO  com.spe.project.Calculator-[FACTORIAL]-69
2023-03-22 00:49:24.406 [main] INFO  com.spe.project.Calculator-[FACTORIAL]-68
2023-03-22 00:49:24.406 [main] INFO  com.spe.project.Calculator-[FACTORIAL]-67
2023-03-22 00:49:24.406 [main] INFO  com.spe.project.Calculator-[FACTORIAL]-66
2023-03-22 00:49:24.406 [main] INFO  com.spe.project.Calculator-[FACTORIAL]-65
2023-03-22 00:49:24.406 [main] INFO  com.spe.project.Calculator-[FACTORIAL]-64
2023-03-22 00:49:24.406 [main] INFO  com.spe.project.Calculator-[FACTORIAL]-63
2023-03-22 00:49:24.406 [main] INFO  com.spe.project.Calculator-[FACTORIAL]-62
2023-03-22 00:49:24.406 [main] INFO  com.spe.project.Calculator-[FACTORIAL]-61
2023-03-22 00:49:24.406 [main] INFO  com.spe.project.Calculator-[FACTORIAL]-60
2023-03-22 00:49:24.406 [main] INFO  com.spe.project.Calculator-[FACTORIAL]-59
2023-03-22 00:49:24.406 [main] INFO  com.spe.project.Calculator-[FACTORIAL]-58
2023-03-22 00:49:24.406 [main] INFO  com.spe.project.Calculator-[FACTORIAL]-57
2023-03-22 00:49:24.406 [main] INFO  com.spe.project.Calculator-[FACTORIAL]-56
2023-03-22 00:49:24.407 [main] INFO  com.spe.project.Calculator-[FACTORIAL]-55
2023-03-22 00:49:24.407 [main] INFO  com.spe.project.Calculator-[FACTORIAL]-54
2023-03-22 00:49:24.407 [main] INFO  com.spe.project.Calculator-[FACTORIAL]-53
2023-03-22 00:49:24.407 [main] INFO  com.spe.project.Calculator-[FACTORIAL]-52
2023-03-22 00:49:24.407 [main] INFO  com.spe.project.Calculator-[FACTORIAL]-51
2023-03-22 00:49:24.407 [main] INFO  com.spe.project.Calculator-[FACTORIAL]-50
2023-03-22 00:49:24.407 [main] INFO  com.spe.project.Calculator-[FACTORIAL]-49
2023-03-22 00:49:24.407 [main] INFO  com.spe.project.Calculator-[FACTORIAL]-48
2023-03-22 00:49:24.407 [main] INFO  com.spe.project.Calculator-[FACTORIAL]-47
2023-03-22 00:49:24.407 [main] INFO  com.spe.project.Calculator-[FACTORIAL]-46
2023-03-22 00:49:24.407 [main] INFO  com.spe.project.Calculator-[FACTORIAL]-45
2023-03-22 00:49:24.407 [main] INFO  com.spe.project.Calculator-[FACTORIAL]-44
2023-03-22 00:49:24.407 [main] INFO  com.spe.project.Calculator-[FACTORIAL]-43
2023-03-22 00:49:24.407 [main] INFO  com.spe.project.Calculator-[FACTORIAL]-42
2023-03-22 00:49:24.408 [main] INFO  com.spe.project.Calculator-[FACTORIAL]-41
2023-03-22 00:49:24.408 [main] INFO  com.spe.project.Calculator-[FACTORIAL]-40
2023-03-22 00:49:24.408 [main] INFO  com.spe.project.Calculator-[FACTORIAL]-39
2023-03-22 00:49:24.408 [main] INFO  com.spe.project.Calculator-[FACTORIAL]-38
2023-03-22 00:49:24.408 [main] INFO  com.spe.project.Calculator-[FACTORIAL]-37
2023-03-22 00:49:24.408 [main] INFO  com.spe.project.Calculator-[FACTORIAL]-36
2023-03-22 00:49:24.408 [main] INFO  com.spe.project.Calculator-[FACTORIAL]-35
2023-03-22 00:49:24.408 [main] INFO  com.spe.project.Calculator-[FACTORIAL]-34
2023-03-22 00:49:24.408 [main] INFO  com.spe.project.Calculator-[FACTORIAL]-33
2023-03-22 00:49:24.408 [main] INFO  com.spe.project.Calculator-[FACTORIAL]-32
2023-03-22 00:49:24.408 [main] INFO  com.spe.project.Calculator-[FACTORIAL]-31
2023-03-22 00:49:24.408 [main] INFO  com.spe.project.Calculator-[FACTORIAL]-30
2023-03-22 00:49:24.408 [main] INFO  com.spe.project.Calculator-[FACTORIAL]-29
2023-03-22 00:49:24.408 [main] INFO  com.spe.project.Calculator-[FACTORIAL]-28
2023-03-22 00:49:24.408 [main] INFO  com.spe.project.Calculator-[FACTORIAL]-27
2023-03-22 00:49:24.408 [main] INFO  com.spe.project.Calculator-[FACTORIAL]-26
2023-03-22 00:49:24.409 [main] INFO  com.spe.project.Calculator-[FACTORIAL]-25
2023-03-22 00:49:24.409 [main] INFO  com.spe.project.Calculator-[FACTORIAL]-24
2023-03-22 00:49:24.409 [main] INFO  com.spe.project.Calculator-[FACTORIAL]-23
2023-03-22 00:49:24.409 [main] INFO  com.spe.project.Calculator-[FACTORIAL]-22
2023-03-22 00:49:24.409 [main] INFO  com.spe.project.Calculator-[FACTORIAL]-21
2023-03-22 00:49:24.409 [main] INFO  com.spe.project.Calculator-[FACTORIAL]-20
2023-03-22 00:49:24.409 [main] INFO  com.spe.project.Calculator-[FACTORIAL]-19
2023-03-22 00:49:24.409 [main] INFO  com.spe.project.Calculator-[FACTORIAL]-18
2023-03-22 00:49:24.409 [main] INFO  com.spe.project.Calculator-[FACTORIAL]-17
2023-03-22 00:49:24.409 [main] INFO  com.spe.project.Calculator-[FACTORIAL]-16
2023-03-22 00:49:24.409 [main] INFO  com.spe.project.Calculator-[FACTORIAL]-15
2023-03-22 00:49:24.409 [main] INFO  com.spe.project.Calculator-[FACTORIAL]-14
2023-03-22 00:49:24.409 [main] INFO  com.spe.project.Calculator-[FACTORIAL]-13
2023-03-22 00:49:24.409 [main] INFO  com.spe.project.Calculator-[FACTORIAL]-12
2023-03-22 00:49:24.409 [main] INFO  com.spe.project.Calculator-[FACTORIAL]-11
2023-03-22 00:49:24.410 [main] INFO  com.spe.project.Calculator-[FACTORIAL]-10
2023-03-22 00:49:24.410 [main] INFO  com.spe.project.Calculator-[FACTORIAL]-9
2023-03-22 00:49:24.410 [main] INFO  com.spe.project.Calculator-[FACTORIAL]-8
2023-03-22 00:49:24.410 [main] INFO  com.spe.project.Calculator-[FACTORIAL]-7
2023-03-22 00:49:24.410 [main] INFO  com.spe.project.Calculator-[FACTORIAL]-6
2023-03-22 00:49:24.410 [main] INFO  com.spe.project.Calculator-[FACTORIAL]-5
2023-03-22 00:49:24.410 [main] INFO  com.spe.project.Calculator-[FACTORIAL]-4
2023-03-22 00:49:24.410 [main] INFO  com.spe.project.Calculator-[FACTORIAL]-3
2023-03-22 00:49:24.410 [main] INFO  com.spe.project.Calculator-[FACTORIAL]-2
2023-03-22 00:49:24.410 [main] INFO  com.spe.project.Calculator-[FACTORIAL]-1
2023-03-22 00:49:24.410 [main] INFO  com.spe.project.Calculator-[FACTORIAL]-0
2023-03-22 00:49:33.984 [main] INFO  com.spe.project.Calculator-[NATURAL_LOG]-423
2023-03-22 00:49:33.984 [main] INFO  com.spe.project.Calculator-[RESULT-NATURAL_LOG]-6.0473721790462776
